<?xml version="1.0" encoding="UTF-8"?>
<!-- Generated by org.testng.reporters.JUnitReportReporter -->
<testsuite hostname="BLR1-LHP-N71512" failures="0" tests="1" name="com.extentreport.ex.testExtentReport1" time="2.340" errors="0" timestamp="2022-02-08T10:35:31 IST" skipped="0">
  <testcase classname="com.extentreport.ex.testExtentReport1" name="postRequestExample" time="2.340"/>
  <system-out/>
</testsuite> <!-- com.extentreport.ex.testExtentReport1 -->
