<?xml version="1.0" encoding="UTF-8"?>
<!-- Generated by org.testng.reporters.JUnitReportReporter -->
<testsuite hostname="BLR1-LHP-N71512" failures="0" tests="1" name="com.programsbuzz.postRequestExam" time="1.955" errors="0" timestamp="2022-02-10T19:22:27 IST" skipped="0">
  <testcase classname="com.programsbuzz.postRequestExam" name="Postrequest" time="1.955"/>
  <system-out/>
</testsuite> <!-- com.programsbuzz.postRequestExam -->
