<?xml version="1.0" encoding="UTF-8"?>
<!-- Generated by org.testng.reporters.JUnitReportReporter -->
<testsuite hostname="BLR1-LHP-N71512" failures="0" tests="1" name="OauthDemo.Oauth2Demo" time="2.789" errors="0" timestamp="2022-02-01T20:53:05 IST" skipped="0">
  <testcase classname="OauthDemo.Oauth2Demo" name="test1" time="2.789"/>
  <system-out/>
</testsuite> <!-- OauthDemo.Oauth2Demo -->
