<?xml version="1.0" encoding="UTF-8"?>
<!-- Generated by org.testng.reporters.JUnitReportReporter -->
<testsuite hostname="BLR1-LHP-N71512" failures="0" tests="2" name="com.ProgramPractice.postMethodExample" time="3.836" errors="0" timestamp="2022-02-04T15:13:03 IST" skipped="1">
  <testcase classname="com.ProgramPractice.postMethodExample" name="test" time="3.836"/>
  <system-out/>
  <testcase classname="com.ProgramPractice.postMethodExample" name="postMethod">
    <skipped/>
  </testcase> <!-- postMethod -->
  <system-out/>
</testsuite> <!-- com.ProgramPractice.postMethodExample -->
