<?xml version="1.0" encoding="UTF-8"?>
<!-- Generated by org.testng.reporters.JUnitReportReporter -->
<testsuite hostname="BLR1-LHP-N71512" failures="0" tests="1" name="com.RestAssuredDemo.PostRequest_002" time="65.282" errors="0" timestamp="2022-01-28T10:45:47 IST" skipped="0">
  <testcase classname="com.RestAssuredDemo.PostRequest_002" name="RegistrationSuccessful" time="65.282"/>
  <system-out/>
</testsuite> <!-- com.RestAssuredDemo.PostRequest_002 -->
