<?xml version="1.0" encoding="UTF-8"?>
<!-- Generated by org.testng.reporters.JUnitReportReporter -->
<testsuite hostname="BLR1-LHP-N71512" failures="0" tests="1" name="com.RestAssuredDemo.GetRequest_002" time="0.010" errors="0" timestamp="2022-01-21T16:29:57 IST" skipped="0">
  <testcase classname="com.RestAssuredDemo.GetRequest_002" name="test" time="0.010"/>
  <system-out/>
</testsuite> <!-- com.RestAssuredDemo.GetRequest_002 -->
