<?xml version="1.0" encoding="UTF-8"?>
<!-- Generated by org.testng.reporters.JUnitReportReporter -->
<testsuite hostname="BLR1-LHP-N71512" failures="0" tests="1" name="OauthDemo.Oauth1Demo2" time="2.283" errors="0" timestamp="2022-02-03T11:35:48 IST" skipped="0">
  <testcase classname="OauthDemo.Oauth1Demo2" name="postExample" time="2.283"/>
  <system-out/>
</testsuite> <!-- OauthDemo.Oauth1Demo2 -->
