<?xml version="1.0" encoding="UTF-8"?>
<!-- Generated by org.testng.reporters.JUnitReportReporter -->
<testsuite hostname="BLR1-LHP-N71512" failures="0" tests="1" name="comCrudOperationsDemo.PatchDemo" time="3.582" errors="0" timestamp="2022-02-17T18:55:36 IST" skipped="0">
  <testcase classname="comCrudOperationsDemo.PatchDemo" name="test_Patch" time="3.582"/>
  <system-out/>
</testsuite> <!-- comCrudOperationsDemo.PatchDemo -->
