<?xml version="1.0" encoding="UTF-8"?>
<!-- Generated by org.testng.reporters.JUnitReportReporter -->
<testsuite hostname="BLR1-LHP-N71512" failures="0" tests="1" name="com.RestAssuredDemo.GetRequest_11" time="3.405" errors="0" timestamp="2022-02-02T18:58:22 IST" skipped="0">
  <testcase classname="com.RestAssuredDemo.GetRequest_11" name="Test001" time="3.405"/>
  <system-out/>
</testsuite> <!-- com.RestAssuredDemo.GetRequest_11 -->
