<?xml version="1.0" encoding="UTF-8"?>
<!-- Generated by org.testng.reporters.JUnitReportReporter -->
<testsuite hostname="BLR1-LHP-N71512" failures="0" tests="1" name="comCrudOperationsDemo.CreateDemo" time="2.702" errors="0" timestamp="2022-01-31T17:12:38 IST" skipped="0">
  <testcase classname="comCrudOperationsDemo.CreateDemo" name="test1" time="2.702"/>
  <system-out/>
</testsuite> <!-- comCrudOperationsDemo.CreateDemo -->
