<?xml version="1.0" encoding="UTF-8"?>
<!-- Generated by org.testng.reporters.JUnitReportReporter -->
<testsuite hostname="BLR1-LHP-N71512" failures="0" tests="3" name="com.extentreport.ex.testExtentReport2" time="5.600" errors="0" timestamp="2022-02-09T13:45:21 IST" skipped="0">
  <testcase classname="com.extentreport.ex.testExtentReport2" name="putrequest" time="3.775"/>
  <system-out/>
  <testcase classname="com.extentreport.ex.testExtentReport2" name="Postrequest" time="0.943"/>
  <system-out/>
  <testcase classname="com.extentreport.ex.testExtentReport2" name="deleteRequest" time="0.882"/>
  <system-out/>
</testsuite> <!-- com.extentreport.ex.testExtentReport2 -->
