<?xml version="1.0" encoding="UTF-8"?>
<!-- Generated by org.testng.reporters.JUnitReportReporter -->
<testsuite hostname="BLR1-LHP-N71512" failures="0" tests="5" name="com.RestAssuredDemo.GetRequest_005" time="7.577" errors="0" timestamp="2022-01-27T15:20:09 IST" skipped="0">
  <testcase classname="com.RestAssuredDemo.GetRequest_005" name="validateStatusCode" time="3.261"/>
  <system-out/>
  <testcase classname="com.RestAssuredDemo.GetRequest_005" name="verifyResponseLog" time="0.964"/>
  <system-out/>
  <testcase classname="com.RestAssuredDemo.GetRequest_005" name="verifySingleContentFromResponse" time="1.588"/>
  <system-out/>
  <testcase classname="com.RestAssuredDemo.GetRequest_005" name="verifyMultipleContentFromResponse" time="0.906"/>
  <system-out/>
  <testcase classname="com.RestAssuredDemo.GetRequest_005" name="settingParametersAndParameters" time="0.858"/>
  <system-out/>
</testsuite> <!-- com.RestAssuredDemo.GetRequest_005 -->
