<?xml version="1.0" encoding="UTF-8"?>
<!-- Generated by org.testng.reporters.JUnitReportReporter -->
<testsuite hostname="BLR1-LHP-N71512" failures="0" tests="2" name="com.RestAssuredDemo.GetRequest_009_queryParam" time="4.835" errors="0" timestamp="2022-01-27T20:50:15 IST" skipped="0">
  <testcase classname="com.RestAssuredDemo.GetRequest_009_queryParam" name="queryParameter" time="3.673"/>
  <system-out/>
  <testcase classname="com.RestAssuredDemo.GetRequest_009_queryParam" name="queryParameter1" time="1.162"/>
  <system-out/>
</testsuite> <!-- com.RestAssuredDemo.GetRequest_009_queryParam -->
