<?xml version="1.0" encoding="UTF-8"?>
<!-- Generated by org.testng.reporters.JUnitReportReporter -->
<testsuite hostname="BLR1-LHP-N71512" failures="0" tests="5" name="com.RestAssuredDemo.GetRequest_006" time="6.034" errors="0" timestamp="2022-01-27T15:57:27 IST" skipped="0">
  <testcase classname="com.RestAssuredDemo.GetRequest_006" name="testSingleContentFromXMLResponse" time="3.844"/>
  <system-out/>
  <testcase classname="com.RestAssuredDemo.GetRequest_006" name="testMultipleContentFromXMLResponse" time="0.582"/>
  <system-out/>
  <testcase classname="com.RestAssuredDemo.GetRequest_006" name="testMultipleContentFromXMLResponseInOneGo" time="0.517"/>
  <system-out/>
  <testcase classname="com.RestAssuredDemo.GetRequest_006" name="testUsingXMLPath" time="0.595"/>
  <system-out/>
  <testcase classname="com.RestAssuredDemo.GetRequest_006" name="testUsingXMLPath1" time="0.496"/>
  <system-out/>
</testsuite> <!-- com.RestAssuredDemo.GetRequest_006 -->
