<?xml version="1.0" encoding="UTF-8"?>
<!-- Generated by org.testng.reporters.JUnitReportReporter -->
<testsuite hostname="BLR1-LHP-N71512" failures="0" tests="3" name="com.RestAssuredDemo.GetRequest_12" time="1.882" errors="0" timestamp="2022-02-10T19:22:16 IST" skipped="2">
  <testcase classname="com.RestAssuredDemo.GetRequest_12" name="ConditionalLogic" time="1.882"/>
  <system-out/>
  <testcase classname="com.RestAssuredDemo.GetRequest_12" name="IterateJSONArray">
    <skipped/>
  </testcase> <!-- IterateJSONArray -->
  <system-out/>
  <testcase classname="com.RestAssuredDemo.GetRequest_12" name="ArraySizeAndElemenets">
    <skipped/>
  </testcase> <!-- ArraySizeAndElemenets -->
  <system-out/>
</testsuite> <!-- com.RestAssuredDemo.GetRequest_12 -->
