<?xml version="1.0" encoding="UTF-8"?>
<!-- Generated by org.testng.reporters.JUnitReportReporter -->
<testsuite hostname="BLR1-LHP-N71512" failures="0" tests="1" name="com.ProgramPractice.getMethodExample" time="2.846" errors="0" timestamp="2022-02-10T19:13:23 IST" skipped="0">
  <testcase classname="com.ProgramPractice.getMethodExample" name="getMethod" time="2.846"/>
  <system-out/>
</testsuite> <!-- com.ProgramPractice.getMethodExample -->
