<?xml version="1.0" encoding="UTF-8"?>
<!-- Generated by org.testng.reporters.JUnitReportReporter -->
<testsuite hostname="BLR1-LHP-N71512" failures="0" tests="1" name="com.RestAssuredDemo.GetRequest_009$QUERYPARAMETERRequest" time="3.605" errors="0" timestamp="2022-01-27T20:26:08 IST" skipped="0">
  <testcase classname="com.RestAssuredDemo.GetRequest_009$QUERYPARAMETERRequest" name="queryParameter" time="3.605"/>
  <system-out/>
</testsuite> <!-- com.RestAssuredDemo.GetRequest_009$QUERYPARAMETERRequest -->
