<?xml version="1.0" encoding="UTF-8"?>
<!-- Generated by org.testng.reporters.JUnitReportReporter -->
<testsuite hostname="BLR1-LHP-N71512" failures="0" tests="1" name="com.RestAssuredDemo.PutRequest_3" time="2.971" errors="0" timestamp="2022-02-02T16:43:57 IST" skipped="0">
  <testcase classname="com.RestAssuredDemo.PutRequest_3" name="postMethod" time="2.971"/>
  <system-out/>
</testsuite> <!-- com.RestAssuredDemo.PutRequest_3 -->
