<?xml version="1.0" encoding="UTF-8"?>
<!-- Generated by org.testng.reporters.JUnitReportReporter -->
<testsuite hostname="BLR1-LHP-N71512" failures="0" tests="1" name="com.ProgramPractice.ExtractValuesFromResponse5" time="2.403" errors="0" timestamp="2022-02-04T12:42:38 IST" skipped="0">
  <testcase classname="com.ProgramPractice.ExtractValuesFromResponse5" name="extractFromResponse5" time="2.403"/>
  <system-out/>
</testsuite> <!-- com.ProgramPractice.ExtractValuesFromResponse5 -->
