<?xml version="1.0" encoding="UTF-8"?>
<!-- Generated by org.testng.reporters.JUnitReportReporter -->
<testsuite hostname="BLR1-LHP-N71512" failures="0" tests="3" name="com.RestAssuredDemo.GetRequest_007_Pathparam" time="5.359" errors="0" timestamp="2022-01-27T20:53:14 IST" skipped="0">
  <testcase classname="com.RestAssuredDemo.GetRequest_007_Pathparam" name="queryParameterExample" time="3.633"/>
  <system-out/>
  <testcase classname="com.RestAssuredDemo.GetRequest_007_Pathparam" name="test_Md5CheckSumForTest_ShouldBe098f6bcd4621d373cade4e832627b4f6" time="1.170"/>
  <system-out/>
  <testcase classname="com.RestAssuredDemo.GetRequest_007_Pathparam" name="test_NumberOfCircuits_ShouldBe20_Parameterized" time="0.556"/>
  <system-out/>
</testsuite> <!-- com.RestAssuredDemo.GetRequest_007_Pathparam -->
