<?xml version="1.0" encoding="UTF-8"?>
<!-- Generated by org.testng.reporters.JUnitReportReporter -->
<testsuite hostname="BLR1-LHP-N71512" failures="0" tests="1" name="com.ProgramPractice.ExtractValuesFromResponse2" time="3.035" errors="0" timestamp="2022-02-04T12:04:08 IST" skipped="0">
  <testcase classname="com.ProgramPractice.ExtractValuesFromResponse2" name="extractFromResponse1" time="3.035"/>
  <system-out/>
</testsuite> <!-- com.ProgramPractice.ExtractValuesFromResponse2 -->
