<?xml version="1.0" encoding="UTF-8"?>
<!-- Generated by org.testng.reporters.JUnitReportReporter -->
<testsuite hostname="BLR1-LHP-N71512" failures="0" tests="2" name="OauthDemo.Oauth2DemoWithDynamicToken2" time="5.265" errors="0" timestamp="2022-02-01T21:33:58 IST" skipped="0">
  <testcase classname="OauthDemo.Oauth2DemoWithDynamicToken2" name="generateTokenAndAccessValidAPI" time="1.486"/>
  <system-out/>
  <testcase classname="OauthDemo.Oauth2DemoWithDynamicToken2" name="generateTokenAndAccessInValidAPI" time="3.779"/>
  <system-out/>
</testsuite> <!-- OauthDemo.Oauth2DemoWithDynamicToken2 -->
