<?xml version="1.0" encoding="UTF-8"?>
<!-- Generated by org.testng.reporters.JUnitReportReporter -->
<testsuite hostname="BLR1-LHP-N71512" failures="0" tests="1" name="TestDemo.JsonPathDemo" time="2.084" errors="0" timestamp="2022-02-08T10:23:37 IST" skipped="0">
  <testcase classname="TestDemo.JsonPathDemo" name="postRequestExample" time="2.084"/>
  <system-out/>
</testsuite> <!-- TestDemo.JsonPathDemo -->
