<?xml version="1.0" encoding="UTF-8"?>
<!-- Generated by org.testng.reporters.JUnitReportReporter -->
<testsuite hostname="BLR1-LHP-N71512" failures="0" tests="1" name="PojoExample.SerializationExample" time="1.650" errors="0" timestamp="2022-02-09T17:53:52 IST" skipped="0">
  <testcase classname="PojoExample.SerializationExample" name="testSerialization" time="1.650"/>
  <system-out/>
</testsuite> <!-- PojoExample.SerializationExample -->
