<?xml version="1.0" encoding="UTF-8"?>
<!-- Generated by org.testng.reporters.JUnitReportReporter -->
<testsuite hostname="BLR1-LHP-N71512" failures="0" tests="2" name="com.ProgramPractice.ExtractValuesFromResponse" time="2.690" errors="0" timestamp="2022-02-04T11:51:44 IST" skipped="1">
  <testcase classname="com.ProgramPractice.ExtractValuesFromResponse" name="extractFromResponse1" time="2.690"/>
  <system-out/>
  <testcase classname="com.ProgramPractice.ExtractValuesFromResponse" name="extractFromResponse">
    <skipped/>
  </testcase> <!-- extractFromResponse -->
  <system-out/>
</testsuite> <!-- com.ProgramPractice.ExtractValuesFromResponse -->
