<?xml version="1.0" encoding="UTF-8"?>
<!-- Generated by org.testng.reporters.JUnitReportReporter -->
<testsuite hostname="BLR1-LHP-N71512" failures="0" tests="1" name="comCrudOperationsDemo.PatchDemo" time="5.665" errors="0" timestamp="2022-02-10T19:26:37 IST" skipped="0">
  <testcase classname="comCrudOperationsDemo.PatchDemo" name="test_Patch" time="5.665"/>
  <system-out/>
</testsuite> <!-- comCrudOperationsDemo.PatchDemo -->
