<?xml version="1.0" encoding="UTF-8"?>
<!-- Generated by org.testng.reporters.JUnitReportReporter -->
<testsuite hostname="BLR1-LHP-N71512" failures="0" tests="1" name="com.ProgramPractice.deleteMethodExample2$FirstPostTest" time="4.049" errors="0" timestamp="2022-02-04T15:31:02 IST" skipped="0">
  <testcase classname="com.ProgramPractice.deleteMethodExample2$FirstPostTest" name="test" time="4.049"/>
  <system-out/>
</testsuite> <!-- com.ProgramPractice.deleteMethodExample2$FirstPostTest -->
