<?xml version="1.0" encoding="UTF-8"?>
<!-- Generated by org.testng.reporters.JUnitReportReporter -->
<testsuite hostname="BLR1-LHP-N71512" failures="0" tests="1" name="com.ProgramPractice.FileDownloadExample" time="2.128" errors="0" timestamp="2022-02-10T19:16:13 IST" skipped="0">
  <testcase classname="com.ProgramPractice.FileDownloadExample" name="getFileCompare" time="2.128"/>
  <system-out/>
</testsuite> <!-- com.ProgramPractice.FileDownloadExample -->
