<?xml version="1.0" encoding="UTF-8"?>
<!-- Generated by org.testng.reporters.JUnitReportReporter -->
<testsuite hostname="BLR1-LHP-N71512" failures="0" tests="1" name="comCrudOperationsDemo.PutDemo" time="3.487" errors="0" timestamp="2022-01-31T20:46:23 IST" skipped="0">
  <testcase classname="comCrudOperationsDemo.PutDemo" name="test_Put" time="3.487"/>
  <system-out/>
</testsuite> <!-- comCrudOperationsDemo.PutDemo -->
