<?xml version="1.0" encoding="UTF-8"?>
<!-- Generated by org.testng.reporters.JUnitReportReporter -->
<testsuite hostname="BLR1-LHP-N71512" failures="0" tests="1" name="OauthDemo.Oauth2DemoWithDynamicToken" time="3.510" errors="0" timestamp="2022-02-01T21:22:00 IST" skipped="0">
  <testcase classname="OauthDemo.Oauth2DemoWithDynamicToken" name="generateToken" time="3.510"/>
  <system-out/>
</testsuite> <!-- OauthDemo.Oauth2DemoWithDynamicToken -->
