<?xml version="1.0" encoding="UTF-8"?>
<!-- Generated by org.testng.reporters.JUnitReportReporter -->
<testsuite hostname="BLR1-LHP-N71512" failures="0" tests="1" name="com.RestAssuredDemo.DeleteRequest_1" time="2.836" errors="0" timestamp="2022-02-02T16:52:52 IST" skipped="0">
  <testcase classname="com.RestAssuredDemo.DeleteRequest_1" name="postMethod" time="2.836"/>
  <system-out/>
</testsuite> <!-- com.RestAssuredDemo.DeleteRequest_1 -->
