<?xml version="1.0" encoding="UTF-8"?>
<!-- Generated by org.testng.reporters.JUnitReportReporter -->
<testsuite hostname="BLR1-LHP-N71512" failures="0" tests="1" name="PojoExample.SerializationExample2" time="2.230" errors="0" timestamp="2022-02-09T18:00:50 IST" skipped="0">
  <testcase classname="PojoExample.SerializationExample2" name="testSerialization" time="2.230"/>
  <system-out/>
</testsuite> <!-- PojoExample.SerializationExample2 -->
