<?xml version="1.0" encoding="UTF-8"?>
<!-- Generated by org.testng.reporters.JUnitReportReporter -->
<testsuite hostname="BLR1-LHP-N71512" failures="0" tests="1" name="comCrudOperationsDemo.PostDemo" time="3.317" errors="0" timestamp="2022-01-31T20:40:56 IST" skipped="0">
  <testcase classname="comCrudOperationsDemo.PostDemo" name="test_Post" time="3.317"/>
  <system-out/>
</testsuite> <!-- comCrudOperationsDemo.PostDemo -->
