<?xml version="1.0" encoding="UTF-8"?>
<!-- Generated by org.testng.reporters.JUnitReportReporter -->
<testsuite hostname="BLR1-LHP-N71512" failures="0" tests="1" name="com.programsbuzz.deleteExample" time="3.016" errors="0" timestamp="2022-02-03T12:01:30 IST" skipped="0">
  <testcase classname="com.programsbuzz.deleteExample" name="deleteRequest" time="3.016"/>
  <system-out/>
</testsuite> <!-- com.programsbuzz.deleteExample -->
