<?xml version="1.0" encoding="UTF-8"?>
<!-- Generated by org.testng.reporters.JUnitReportReporter -->
<testsuite hostname="BLR1-LHP-N71512" failures="0" tests="4" name="com.ProgramPractice.queryParameterExample2" time="6.282" errors="0" timestamp="2022-02-04T15:08:29 IST" skipped="0">
  <testcase classname="com.ProgramPractice.queryParameterExample2" name="queryParameterEx3" time="0.959"/>
  <system-out/>
  <testcase classname="com.ProgramPractice.queryParameterExample2" name="queryParameterEx1" time="0.954"/>
  <system-out/>
  <testcase classname="com.ProgramPractice.queryParameterExample2" name="queryParameterEx" time="3.342"/>
  <system-out/>
  <testcase classname="com.ProgramPractice.queryParameterExample2" name="queryParameterEx2" time="1.027"/>
  <system-out/>
</testsuite> <!-- com.ProgramPractice.queryParameterExample2 -->
