<?xml version="1.0" encoding="UTF-8"?>
<!-- Generated by org.testng.reporters.JUnitReportReporter -->
<testsuite hostname="BLR1-LHP-N71512" failures="0" tests="1" name="OauthDemo.Oauth1Demo" time="3.115" errors="0" timestamp="2022-02-03T10:07:11 IST" skipped="0">
  <testcase classname="OauthDemo.Oauth1Demo" name="postTweet" time="3.115"/>
  <system-out/>
</testsuite> <!-- OauthDemo.Oauth1Demo -->
