<?xml version="1.0" encoding="UTF-8"?>
<!-- Generated by org.testng.reporters.JUnitReportReporter -->
<testsuite hostname="BLR1-LHP-N71512" failures="0" tests="3" name="com.RestAssuredDemo.GetRequest_008" time="6.815" errors="0" timestamp="2022-01-27T19:56:48 IST" skipped="0">
  <testcase classname="com.RestAssuredDemo.GetRequest_008" name="test_APIWithBasicAuthentication_ShouldBeGivenAccess" time="3.824"/>
  <system-out/>
  <testcase classname="com.RestAssuredDemo.GetRequest_008" name="test_APIWithOAuth2Authentication_ShouldBeGivenAccess" time="1.077"/>
  <system-out/>
  <testcase classname="com.RestAssuredDemo.GetRequest_008" name="test_ScenarioRetrieveFirstCircuitFor2017SeasonAndGetCountry_ShouldBeAustralia" time="1.914"/>
  <system-out/>
</testsuite> <!-- com.RestAssuredDemo.GetRequest_008 -->
