<?xml version="1.0" encoding="UTF-8"?>
<!-- Generated by org.testng.reporters.JUnitReportReporter -->
<testsuite hostname="BLR1-LHP-N71512" failures="0" tests="1" name="com.RestAssuredDemo.GetRequest_003" time="6.725" errors="0" timestamp="2022-01-27T11:44:46 IST" skipped="0">
  <testcase classname="com.RestAssuredDemo.GetRequest_003" name="Test001" time="6.725"/>
  <system-out/>
</testsuite> <!-- com.RestAssuredDemo.GetRequest_003 -->
