<?xml version="1.0" encoding="UTF-8"?>
<!-- Generated by org.testng.reporters.JUnitReportReporter -->
<testsuite hostname="BLR1-LHP-N71512" failures="0" tests="1" name="com.RestAssuredDemo.PostRequest_3withMap" time="3.166" errors="0" timestamp="2022-02-02T16:49:03 IST" skipped="0">
  <testcase classname="com.RestAssuredDemo.PostRequest_3withMap" name="postMethod" time="3.166"/>
  <system-out/>
</testsuite> <!-- com.RestAssuredDemo.PostRequest_3withMap -->
