<?xml version="1.0" encoding="UTF-8"?>
<!-- Generated by org.testng.reporters.JUnitReportReporter -->
<testsuite hostname="BLR1-LHP-N71512" failures="0" tests="1" name="com.ProgramPractice.SaveFileFromResponseExample2" time="3.159" errors="0" timestamp="2022-02-04T14:37:01 IST" skipped="0">
  <testcase classname="com.ProgramPractice.SaveFileFromResponseExample2" name="getFileCompare" time="3.159"/>
  <system-out/>
</testsuite> <!-- com.ProgramPractice.SaveFileFromResponseExample2 -->
