<?xml version="1.0" encoding="UTF-8"?>
<!-- Generated by org.testng.reporters.JUnitReportReporter -->
<testsuite hostname="BLR1-LHP-N71512" failures="0" tests="1" name="com.ProgramPractice.putMethodExample2" time="4.000" errors="0" timestamp="2022-02-04T15:27:55 IST" skipped="0">
  <testcase classname="com.ProgramPractice.putMethodExample2" name="getMethod" time="4.000"/>
  <system-out/>
</testsuite> <!-- com.ProgramPractice.putMethodExample2 -->
