<?xml version="1.0" encoding="UTF-8"?>
<!-- Generated by org.testng.reporters.JUnitReportReporter -->
<testsuite hostname="BLR1-LHP-N71512" failures="0" tests="1" name="com.ProgramPractice.pathParameterExample" time="2.325" errors="0" timestamp="2022-02-10T19:17:22 IST" skipped="0">
  <testcase classname="com.ProgramPractice.pathParameterExample" name="pathParameterEx" time="2.325"/>
  <system-out/>
</testsuite> <!-- com.ProgramPractice.pathParameterExample -->
