<?xml version="1.0" encoding="UTF-8"?>
<!-- Generated by org.testng.reporters.JUnitReportReporter -->
<testsuite hostname="BLR1-LHP-N71512" failures="0" tests="1" name="com.ProgramPractice.ExtractValuesFromResponse4" time="2.290" errors="0" timestamp="2022-02-04T12:27:41 IST" skipped="0">
  <testcase classname="com.ProgramPractice.ExtractValuesFromResponse4" name="extractFromResponse1" time="2.290"/>
  <system-out/>
</testsuite> <!-- com.ProgramPractice.ExtractValuesFromResponse4 -->
