<?xml version="1.0" encoding="UTF-8"?>
<!-- Generated by org.testng.reporters.JUnitReportReporter -->
<testsuite hostname="BLR1-LHP-N71512" failures="0" tests="1" name="com.RestAssuredDemo.PostRequest_2" time="2.977" errors="0" timestamp="2022-02-02T16:38:43 IST" skipped="0">
  <testcase classname="com.RestAssuredDemo.PostRequest_2" name="postMethod" time="2.977"/>
  <system-out/>
</testsuite> <!-- com.RestAssuredDemo.PostRequest_2 -->
