<?xml version="1.0" encoding="UTF-8"?>
<!-- Generated by org.testng.reporters.JUnitReportReporter -->
<testsuite hostname="BLR1-LHP-N71512" failures="0" tests="1" name="com.ProgramPractice.ExtractValuesFromResponse6" time="3.715" errors="0" timestamp="2022-02-10T19:15:06 IST" skipped="0">
  <testcase classname="com.ProgramPractice.ExtractValuesFromResponse6" name="extractFromResponse6" time="3.715"/>
  <system-out/>
</testsuite> <!-- com.ProgramPractice.ExtractValuesFromResponse6 -->
